[debug] [2026-01-03T22:05:19.612Z] ----------------------------------------------------------------------
[debug] [2026-01-03T22:05:19.616Z] Command:       E:\Node_16_17\node.exe C:\Users\yash1\AppData\Roaming\npm\node_modules\firebase-tools\lib\bin\firebase.js init hosting
[debug] [2026-01-03T22:05:19.617Z] CLI Version:   15.1.0
[debug] [2026-01-03T22:05:19.617Z] Platform:      win32
[debug] [2026-01-03T22:05:19.617Z] Node Version:  v22.20.0
[debug] [2026-01-03T22:05:19.617Z] Time:          Sun Jan 04 2026 03:35:19 GMT+0530 (India Standard Time)
[debug] [2026-01-03T22:05:19.617Z] ----------------------------------------------------------------------
[debug] 
[info] 
     ######## #### ########  ######## ########     ###     ######  ########
     ##        ##  ##     ## ##       ##     ##  ##   ##  ##       ##
     ######    ##  ########  ######   ########  #########  ######  ######
     ##        ##  ##    ##  ##       ##     ## ##     ##       ## ##
     ##       #### ##     ## ######## ########  ##     ##  ######  ########

You're about to initialize a Firebase project in this directory:

  D:\personal_projects\habit-dashboard

Before we get started, keep in mind:

  * You are initializing within an existing Firebase project directory

[info] 
=== Project Setup
[info] 
[info] First, let's associate this project directory with a Firebase project.
[info] You can create multiple project aliases by running firebase use --add, 
[info] 
[debug] [2026-01-03T22:08:42.617Z] > command requires scopes: ["email","openid","https://www.googleapis.com/auth/cloudplatformprojects.readonly","https://www.googleapis.com/auth/firebase","https://www.googleapis.com/auth/cloud-platform"]
[debug] [2026-01-03T22:08:42.618Z] > authorizing via signed-in user (future135456@gmail.com)
[debug] [2026-01-03T22:08:42.621Z] Checked if tokens are valid: true, expires at: 1767481470376
[debug] [2026-01-03T22:08:42.621Z] Checked if tokens are valid: true, expires at: 1767481470376
[debug] [2026-01-03T22:08:42.669Z] >>> [apiv2][query] GET https://firebase.googleapis.com/v1beta1/projects/your-project-id [none]
[debug] [2026-01-03T22:08:44.425Z] <<< [apiv2][status] GET https://firebase.googleapis.com/v1beta1/projects/your-project-id 403
[debug] [2026-01-03T22:08:44.426Z] <<< [apiv2][body] GET https://firebase.googleapis.com/v1beta1/projects/your-project-id {"error":{"code":403,"message":"The caller does not have permission","status":"PERMISSION_DENIED"}}
[debug] [2026-01-03T22:08:44.427Z] Request to https://firebase.googleapis.com/v1beta1/projects/your-project-id had HTTP Error: 403, The caller does not have permission
[debug] [2026-01-03T22:08:44.646Z] FirebaseError: Request to https://firebase.googleapis.com/v1beta1/projects/your-project-id had HTTP Error: 403, The caller does not have permission
    at responseToError (C:\Users\yash1\AppData\Roaming\npm\node_modules\firebase-tools\lib\responseToError.js:53:12)
    at RetryOperation._fn (C:\Users\yash1\AppData\Roaming\npm\node_modules\firebase-tools\lib\apiv2.js:322:77)
    at process.processTicksAndRejections (node:internal/process/task_queues:105:5)
[error] 
[error] Error: Failed to get Firebase project your-project-id. Please make sure the project exists and your account has permission to access it.
